<?xml version="1.0" encoding="UTF-8"?>
<!-- Generated by org.testng.reporters.JUnitReportReporter -->
<testsuite hostname="OBU00490GU1636O" name="com.shi.rtcp.business.driver.TestDriver" tests="1" failures="0" timestamp="24 Dec 2016 00:55:49 GMT" time="44.630" errors="0">
  <testcase name="driverTest" time="44.630" classname="com.shi.rtcp.business.driver.TestDriver"/>
</testsuite> <!-- com.shi.rtcp.business.driver.TestDriver -->
